{"D:\\WebStormProj\\bookExpress\\src\\lib\\fortune.js": {"path":"D:\\WebStormProj\\bookExpress\\src\\lib\\fortune.js","statementMap":{"0":{"start":{"line":1,"column":23},"end":{"line":7,"column":1}},"1":{"start":{"line":9,"column":19},"end":{"line":12,"column":1}},"2":{"start":{"line":10,"column":16},"end":{"line":10,"column":63}},"3":{"start":{"line":11,"column":4},"end":{"line":11,"column":30}}},"fnMap":{"0":{"name":"(anonymous_0)","decl":{"start":{"line":9,"column":19},"end":{"line":9,"column":20}},"loc":{"start":{"line":9,"column":25},"end":{"line":12,"column":1}},"line":9}},"branchMap":{},"s":{"0":1,"1":1,"2":1,"3":1},"f":{"0":1},"b":{},"inputSourceMap":null,"_coverageSchema":"1a1c01bbd47fc00a2c39e90264f33305004495a9","hash":"721b6e2ce747be365e721af4b3c8b24f3fabf456"}
,"D:\\WebStormProj\\bookExpress\\src\\lib\\handlers.js": {"path":"D:\\WebStormProj\\bookExpress\\src\\lib\\handlers.js","statementMap":{"0":{"start":{"line":3,"column":15},"end":{"line":8,"column":1}},"1":{"start":{"line":4,"column":25},"end":{"line":4,"column":43}},"2":{"start":{"line":5,"column":26},"end":{"line":5,"column":72}},"3":{"start":{"line":6,"column":29},"end":{"line":6,"column":46}},"4":{"start":{"line":7,"column":43},"end":{"line":7,"column":60}}},"fnMap":{"0":{"name":"(anonymous_0)","decl":{"start":{"line":4,"column":11},"end":{"line":4,"column":12}},"loc":{"start":{"line":4,"column":25},"end":{"line":4,"column":43}},"line":4},"1":{"name":"(anonymous_1)","decl":{"start":{"line":5,"column":12},"end":{"line":5,"column":13}},"loc":{"start":{"line":5,"column":26},"end":{"line":5,"column":72}},"line":5},"2":{"name":"(anonymous_2)","decl":{"start":{"line":6,"column":15},"end":{"line":6,"column":16}},"loc":{"start":{"line":6,"column":29},"end":{"line":6,"column":46}},"line":6},"3":{"name":"(anonymous_3)","decl":{"start":{"line":7,"column":18},"end":{"line":7,"column":19}},"loc":{"start":{"line":7,"column":43},"end":{"line":7,"column":60}},"line":7}},"branchMap":{},"s":{"0":1,"1":1,"2":1,"3":1,"4":1},"f":{"0":1,"1":1,"2":1,"3":1},"b":{},"inputSourceMap":null,"_coverageSchema":"1a1c01bbd47fc00a2c39e90264f33305004495a9","hash":"f4c5c478715eef8dd66885689ff6808845cc3c9a"}
}
